<?xml version="1.0" encoding="UTF-8"?>
<!-- Generated by org.testng.reporters.JUnitXMLReporter -->
<testsuite ignored="0" hostname="SMRAQPLAP059" failures="1" tests="1" name="Surefire test" time="22.839" errors="0" timestamp="2024-07-12T14:20:46 COT">
  <testcase classname="com.magento.tests.BoletaTest" name="doEmitirBoletaSimpleConItemManual" time="7.738">
    <failure type="org.openqa.selenium.ElementClickInterceptedException" message="Element &amp;lt;button class=&amp;quot;btn btn-primary btn-sm&amp;quot; type=&amp;quot;button&amp;quot;&amp;gt; is not clickable at point (821,399) because another element &amp;lt;div class=&amp;quot;card-loader ng-tns-c10-4&amp;quot;&amp;gt; obscures it
Build info: version: &amp;apos;4.16.1&amp;apos;, revision: &amp;apos;9b4c83354e&amp;apos;
System info: os.name: &amp;apos;Windows 11&amp;apos;, os.arch: &amp;apos;amd64&amp;apos;, os.version: &amp;apos;10.0&amp;apos;, java.version: &amp;apos;21.0.3&amp;apos;
Driver info: org.openqa.selenium.firefox.FirefoxDriver
Command: [3ca6cb8b-6031-4085-9765-48526169f0c6, clickElement {id=0c5087a7-66c1-4a53-94ca-e20deb6467b4}]
Capabilities {acceptInsecureCerts: true, browserName: firefox, browserVersion: 128.0, moz:accessibilityChecks: false, moz:buildID: 20240704121409, moz:debuggerAddress: 127.0.0.1:23136, moz:geckodriverVersion: 0.34.0, moz:headless: false, moz:platformVersion: 10.0, moz:processID: 33284, moz:profile: C:\Users\user\AppData\Local..., moz:shutdownTimeout: 60000, moz:webdriverClick: true, moz:windowless: false, pageLoadStrategy: normal, platformName: windows, proxy: Proxy(), se:cdp: ws://127.0.0.1:23136/devtoo..., se:cdpVersion: 85.0, setWindowRect: true, strictFileInteractability: false, timeouts: {implicit: 0, pageLoad: 300000, script: 30000}, unhandledPromptBehavior: dismiss and notify, userAgent: Mozilla/5.0 (Windows NT 10....}
Element: [[FirefoxDriver: firefox on windows (3ca6cb8b-6031-4085-9765-48526169f0c6)] -&amp;gt; xpath: /html/body/app-root/app-admin/div/div[2]/div/div/div/div/div/div/div/smrt-cntdocumentos/app-documento-factura-boleta/app-card/div/div/div/div[3]/div/div[1]/app-cabecera-documento-common/div[1]/div[1]/app-card/div/div[2]/div/form/div/div[2]/div[1]/button]
Session ID: 3ca6cb8b-6031-4085-9765-48526169f0c6">
      <![CDATA[org.openqa.selenium.ElementClickInterceptedException: Element <button class="btn btn-primary btn-sm" type="button"> is not clickable at point (821,399) because another element <div class="card-loader ng-tns-c10-4"> obscures it
Build info: version: '4.16.1', revision: '9b4c83354e'
System info: os.name: 'Windows 11', os.arch: 'amd64', os.version: '10.0', java.version: '21.0.3'
Driver info: org.openqa.selenium.firefox.FirefoxDriver
Command: [3ca6cb8b-6031-4085-9765-48526169f0c6, clickElement {id=0c5087a7-66c1-4a53-94ca-e20deb6467b4}]
Capabilities {acceptInsecureCerts: true, browserName: firefox, browserVersion: 128.0, moz:accessibilityChecks: false, moz:buildID: 20240704121409, moz:debuggerAddress: 127.0.0.1:23136, moz:geckodriverVersion: 0.34.0, moz:headless: false, moz:platformVersion: 10.0, moz:processID: 33284, moz:profile: C:\Users\user\AppData\Local..., moz:shutdownTimeout: 60000, moz:webdriverClick: true, moz:windowless: false, pageLoadStrategy: normal, platformName: windows, proxy: Proxy(), se:cdp: ws://127.0.0.1:23136/devtoo..., se:cdpVersion: 85.0, setWindowRect: true, strictFileInteractability: false, timeouts: {implicit: 0, pageLoad: 300000, script: 30000}, unhandledPromptBehavior: dismiss and notify, userAgent: Mozilla/5.0 (Windows NT 10....}
Element: [[FirefoxDriver: firefox on windows (3ca6cb8b-6031-4085-9765-48526169f0c6)] -> xpath: /html/body/app-root/app-admin/div/div[2]/div/div/div/div/div/div/div/smrt-cntdocumentos/app-documento-factura-boleta/app-card/div/div/div/div[3]/div/div[1]/app-cabecera-documento-common/div[1]/div[1]/app-card/div/div[2]/div/form/div/div[2]/div[1]/button]
Session ID: 3ca6cb8b-6031-4085-9765-48526169f0c6
at org.openqa.selenium.remote.codec.w3c.W3CHttpResponseCodec.createException(W3CHttpResponseCodec.java:200)
at org.openqa.selenium.remote.codec.w3c.W3CHttpResponseCodec.decode(W3CHttpResponseCodec.java:133)
at org.openqa.selenium.remote.codec.w3c.W3CHttpResponseCodec.decode(W3CHttpResponseCodec.java:52)
at org.openqa.selenium.remote.HttpCommandExecutor.execute(HttpCommandExecutor.java:191)
at org.openqa.selenium.remote.service.DriverCommandExecutor.invokeExecute(DriverCommandExecutor.java:200)
at org.openqa.selenium.remote.service.DriverCommandExecutor.execute(DriverCommandExecutor.java:175)
at org.openqa.selenium.remote.RemoteWebDriver.execute(RemoteWebDriver.java:523)
at org.openqa.selenium.remote.RemoteWebElement.execute(RemoteWebElement.java:224)
at org.openqa.selenium.remote.RemoteWebElement.click(RemoteWebElement.java:77)
at com.magento.pages.BasePage.click(BasePage.java:39)
at com.magento.pages.BoletaNuevaPage.fillReceptorData(BoletaNuevaPage.java:56)
at com.magento.tests.BoletaTest.doEmitirBoletaSimpleConItemManual(BoletaTest.java:13)
at java.base/java.util.ArrayList.forEach(ArrayList.java:1596)
... Removed 33 stack frames]]>
    </failure>
  </testcase> <!-- doEmitirBoletaSimpleConItemManual -->
</testsuite> <!-- Surefire test -->
